2021-06-01 14:51:53.466 [main]  INFO  resources.APIactions - Api source is : /maps/api/place/update/json
2021-06-01 14:51:55.906 [main]  DEBUG resources.APIactions - Validation happen successfully with the status code 200 
2021-06-01 14:51:55.908 [main]  INFO  resources.APIactions - Parsing the response : {"msg":"Address successfully updated"}
2021-06-01 14:51:55.927 [main]  INFO  resources.APIactions - Key : value is  == msg : Address successfully updated
2021-06-01 14:51:55.939 [main]  INFO  resources.APIactions - Api source is : /maps/api/place/get/json
2021-06-01 14:51:57.943 [main]  DEBUG resources.APIactions - Validation happen successfully with the status code 200 
2021-06-01 14:51:57.944 [main]  INFO  resources.APIactions - Parsing the response : {"location":{"latitude":"-38.383494","longitude":"33.427362"},"accuracy":"50","name":"Using Json file","phone_number":"(+91) 983 893 3937","address":"Updating my address","types":"shoe park,shop","website":"http:\/\/google.com","language":"French-IN"}
2021-06-01 14:51:57.959 [main]  INFO  resources.APIactions - Key : value is  == address : Updating my address
2021-06-01 14:51:57.971 [main]  INFO  resources.APIactions - Api source is : /maps/api/place/delete/json
2021-06-01 14:52:00.376 [main]  DEBUG resources.APIactions - Validation happen successfully with the status code 200 
2021-06-01 14:52:00.378 [main]  INFO  resources.APIactions - Parsing the response : {"status":"OK"}
2021-06-01 14:52:00.394 [main]  INFO  resources.APIactions - Key : value is  == status : OK
2021-06-01 14:52:00.407 [main]  INFO  resources.APIactions - Api source is : /maps/api/place/delete/json
2021-06-01 14:52:03.295 [main]  DEBUG resources.APIactions - Validation happen successfully with the status code 404 
2021-06-01 14:52:03.296 [main]  INFO  resources.APIactions - Parsing the response : {"msg":"Delete operation failed, looks like the data doesn't exists"}
2021-06-01 14:52:03.303 [main]  INFO  resources.APIactions - Key : value is  == msg : Delete operation failed, looks like the data doesn't exists
2021-06-01 14:52:03.311 [main]  INFO  resources.APIactions - Initialize addAPI with the filetype : excelfile
2021-06-01 14:52:03.980 [main]  DEBUG resources.APIactions - successfully constructed the url and provided the RequestSpecification back
2021-06-01 14:52:03.980 [main]  INFO  resources.APIactions - Api source is : /maps/api/place/add/json
2021-06-01 14:52:04.533 [main]  DEBUG resources.APIactions - Validation happen successfully with the status code 200 
2021-06-01 14:52:04.534 [main]  INFO  resources.APIactions - Successfully added the placeAPI with the status code 200
2021-06-01 14:52:04.534 [main]  INFO  resources.APIactions - Parsing the response : {"status":"OK","place_id":"069e36c3eb892d81e2803890bcf03293","scope":"APP","reference":"f4ad65df4412d4becd829ca9e1ecd8abf4ad65df4412d4becd829ca9e1ecd8ab","id":"f4ad65df4412d4becd829ca9e1ecd8ab"}
2021-06-01 14:52:04.545 [main]  INFO  resources.APIactions - Key : value is  == status : OK
2021-06-01 14:52:04.555 [main]  INFO  resources.APIactions - Initialize addAPI with the filetype : hashmap
2021-06-01 14:52:04.943 [main]  DEBUG resources.APIactions - successfully constructed the url and provided the RequestSpecification back
2021-06-01 14:52:04.944 [main]  INFO  resources.APIactions - Api source is : /maps/api/place/add/json
2021-06-01 14:52:05.466 [main]  DEBUG resources.APIactions - Validation happen successfully with the status code 200 
2021-06-01 14:52:05.468 [main]  INFO  resources.APIactions - Successfully added the placeAPI with the status code 200
2021-06-01 14:52:05.468 [main]  INFO  resources.APIactions - Parsing the response : {"status":"OK","place_id":"4bee19dffb221d7686101213983dd35e","scope":"APP","reference":"d22f269d20b8b44ecc948ee5f8aa2e33d22f269d20b8b44ecc948ee5f8aa2e33","id":"d22f269d20b8b44ecc948ee5f8aa2e33"}
2021-06-01 14:52:05.496 [main]  INFO  resources.APIactions - Key : value is  == status : OK
2021-06-01 14:52:05.506 [main]  INFO  resources.APIactions - Initialize addAPI with the filetype : txtfile
2021-06-01 14:52:05.509 [main]  DEBUG resources.APIactions - successfully constructed the url and provided the RequestSpecification back
2021-06-01 14:52:05.509 [main]  INFO  resources.APIactions - Api source is : /maps/api/place/add/json
2021-06-01 14:52:06.018 [main]  DEBUG resources.APIactions - Validation happen successfully with the status code 200 
2021-06-01 14:52:06.019 [main]  INFO  resources.APIactions - Successfully added the placeAPI with the status code 200
2021-06-01 14:52:06.019 [main]  INFO  resources.APIactions - Parsing the response : {"status":"OK","place_id":"9582fa6001caa2c4ad4b7f53c23dd398","scope":"APP","reference":"c65fef253bc51cd30d796f836e5e31d0c65fef253bc51cd30d796f836e5e31d0","id":"c65fef253bc51cd30d796f836e5e31d0"}
2021-06-01 14:52:06.028 [main]  INFO  resources.APIactions - Key : value is  == status : OK
2021-06-01 14:54:56.274 [main] INFO  resources.APIactions - Initialize addAPI with the filetype : javaclass
2021-06-01 14:54:56.277 [main] DEBUG resources.APIactions - Initialize to construct url and body is taking from the java class
2021-06-01 14:54:56.807 [main] DEBUG resources.APIactions - Log file created with the name 2021_06_01_14_54_56.txt
2021-06-01 14:54:56.813 [main] INFO  resources.APIactions - Fetching the url from the properties file, Url : https://rahulshettyacademy.com
2021-06-01 14:54:56.981 [main] DEBUG resources.APIactions - successfully constructed the url and provided the RequestSpecification back
2021-06-01 14:54:56.983 [main] INFO  resources.APIactions - Api source is : /maps/api/place/add/json
2021-06-01 14:54:59.471 [main] DEBUG resources.APIactions - Validation happen successfully with the status code 200 
2021-06-01 14:54:59.485 [main] INFO  resources.APIactions - Successfully added the placeAPI with the status code 200
2021-06-01 14:54:59.498 [main] INFO  resources.APIactions - Parsing the response : {"status":"OK","place_id":"b887f522fca21b01f86a2c727d4cf15e","scope":"APP","reference":"2b33f7dd5dde7b03930438d6f3c333d02b33f7dd5dde7b03930438d6f3c333d0","id":"2b33f7dd5dde7b03930438d6f3c333d0"}
2021-06-01 14:55:00.365 [main] INFO  resources.APIactions - Key : value is  == status : OK
2021-06-01 14:55:00.381 [main] INFO  resources.APIactions - Parsing the response : {"status":"OK","place_id":"b887f522fca21b01f86a2c727d4cf15e","scope":"APP","reference":"2b33f7dd5dde7b03930438d6f3c333d02b33f7dd5dde7b03930438d6f3c333d0","id":"2b33f7dd5dde7b03930438d6f3c333d0"}
2021-06-01 14:55:00.398 [main] INFO  resources.APIactions - Key : value is  == scope : APP
2021-06-01 14:55:00.418 [main] INFO  resources.APIactions - Initialize addAPI with the filetype : nonfile
2021-06-01 14:55:00.418 [main] INFO  resources.APIactions - Api source is : /maps/api/place/add/json
2021-06-01 14:55:02.140 [main] DEBUG resources.APIactions - Validation happen successfully with the status code 200 
2021-06-01 14:55:02.142 [main] INFO  resources.APIactions - Successfully added the placeAPI with the status code 200
2021-06-01 14:55:02.142 [main] INFO  resources.APIactions - Parsing the response : {"status":"OK","place_id":"e0303d75eec2c9ecbfbf382dceebdf6d","scope":"APP","reference":"20106680bc78d00141479aee3328318020106680bc78d00141479aee33283180","id":"20106680bc78d00141479aee33283180"}
2021-06-01 14:55:02.156 [main] INFO  resources.APIactions - Key : value is  == place_id : e0303d75eec2c9ecbfbf382dceebdf6d
2021-06-01 14:55:02.173 [main] INFO  resources.APIactions - Api source is : /maps/api/place/get/json
2021-06-01 14:55:04.249 [main] DEBUG resources.APIactions - Validation happen successfully with the status code 200 
2021-06-01 14:55:04.252 [main] INFO  resources.APIactions - Parsing the response : {"location":{"latitude":"-38.383494","longitude":"33.427362"},"accuracy":"50","name":"Using Java class to make the body","phone_number":"(+91) 983 893 3937","address":"29, side layout, cohen 09","types":"shoe park,shop","website":"http:\/\/google.com","language":"French-IN"}
2021-06-01 14:55:04.277 [main] INFO  resources.APIactions - Key : value is  == website : http://google.com
2021-06-01 14:55:04.286 [main] INFO  resources.APIactions - Parsing the response : {"location":{"latitude":"-38.383494","longitude":"33.427362"},"accuracy":"50","name":"Using Java class to make the body","phone_number":"(+91) 983 893 3937","address":"29, side layout, cohen 09","types":"shoe park,shop","website":"http:\/\/google.com","language":"French-IN"}
2021-06-01 14:55:04.295 [main] INFO  resources.APIactions - Key : value is  == website : http://google.com
2021-06-01 14:55:04.306 [main] INFO  resources.APIactions - Api source is : /maps/api/place/get/json
2021-06-01 14:55:09.168 [main] DEBUG resources.APIactions - Validation happen successfully with the status code 404 
2021-06-01 14:55:09.169 [main] INFO  resources.APIactions - Parsing the response : {"msg":"Get operation failed, looks like place_id  doesn't exists"}
2021-06-01 14:55:09.181 [main] INFO  resources.APIactions - Key : value is  == msg : Get operation failed, looks like place_id  doesn't exists
2021-06-01 14:55:09.193 [main] INFO  resources.APIactions - Parsing the response : {"msg":"Get operation failed, looks like place_id  doesn't exists"}
2021-06-01 14:55:09.204 [main] INFO  resources.APIactions - Key : value is  == msg : Get operation failed, looks like place_id  doesn't exists
2021-06-01 14:55:09.219 [main] INFO  apiTest.ValidateAddUpdateGetDeleteAPI - addPlaceUsingJsonFile is initialzed
2021-06-01 14:55:09.219 [main] INFO  resources.APIactions - Initialize addAPI with the filetype : jsonfile
2021-06-01 14:55:09.225 [main] DEBUG resources.APIactions - successfully constructed the url and provided the RequestSpecification back
2021-06-01 14:55:09.225 [main] INFO  resources.APIactions - Api source is : /maps/api/place/add/json
2021-06-01 14:55:09.790 [main] DEBUG resources.APIactions - Validation happen successfully with the status code 200 
2021-06-01 14:55:09.791 [main] INFO  resources.APIactions - Successfully added the placeAPI with the status code 200
2021-06-01 14:55:09.791 [main] INFO  resources.APIactions - Parsing the response : {"status":"OK","place_id":"c9f3002da102352f23c2d194dde1aace","scope":"APP","reference":"094763fea2cb8f5d3e64c8afae8704f7094763fea2cb8f5d3e64c8afae8704f7","id":"094763fea2cb8f5d3e64c8afae8704f7"}
2021-06-01 14:55:09.807 [main] INFO  resources.APIactions - Key : value is  == status : OK
2021-06-01 14:55:09.826 [main] INFO  resources.APIactions - Parsing the response : {"status":"OK","place_id":"c9f3002da102352f23c2d194dde1aace","scope":"APP","reference":"094763fea2cb8f5d3e64c8afae8704f7094763fea2cb8f5d3e64c8afae8704f7","id":"094763fea2cb8f5d3e64c8afae8704f7"}
2021-06-01 14:55:09.834 [main] INFO  resources.APIactions - Key : value is  == place_id : c9f3002da102352f23c2d194dde1aace
2021-06-01 14:55:09.842 [main] INFO  resources.APIactions - Api source is : /maps/api/place/update/json
2021-06-01 14:55:12.255 [main] DEBUG resources.APIactions - Validation happen successfully with the status code 200 
2021-06-01 14:55:12.256 [main] INFO  resources.APIactions - Parsing the response : {"msg":"Address successfully updated"}
2021-06-01 14:55:12.267 [main] INFO  resources.APIactions - Key : value is  == msg : Address successfully updated
2021-06-01 14:55:12.282 [main] INFO  resources.APIactions - Api source is : /maps/api/place/get/json
2021-06-01 14:55:14.244 [main] DEBUG resources.APIactions - Validation happen successfully with the status code 200 
2021-06-01 14:55:14.244 [main] INFO  resources.APIactions - Parsing the response : {"location":{"latitude":"-38.383494","longitude":"33.427362"},"accuracy":"50","name":"Using Json file","phone_number":"(+91) 983 893 3937","address":"Updating my address","types":"shoe park,shop","website":"http:\/\/google.com","language":"French-IN"}
2021-06-01 14:55:14.252 [main] INFO  resources.APIactions - Key : value is  == address : Updating my address
2021-06-01 14:55:14.260 [main] INFO  resources.APIactions - Api source is : /maps/api/place/delete/json
2021-06-01 14:55:16.643 [main] DEBUG resources.APIactions - Validation happen successfully with the status code 200 
2021-06-01 14:55:16.646 [main] INFO  resources.APIactions - Parsing the response : {"status":"OK"}
2021-06-01 14:55:16.662 [main] INFO  resources.APIactions - Key : value is  == status : OK
2021-06-01 14:55:16.674 [main] INFO  resources.APIactions - Api source is : /maps/api/place/delete/json
2021-06-01 14:55:19.035 [main] DEBUG resources.APIactions - Validation happen successfully with the status code 404 
2021-06-01 14:55:19.035 [main] INFO  resources.APIactions - Parsing the response : {"msg":"Delete operation failed, looks like the data doesn't exists"}
2021-06-01 14:55:19.045 [main] INFO  resources.APIactions - Key : value is  == msg : Delete operation failed, looks like the data doesn't exists
2021-06-01 14:55:19.059 [main] INFO  resources.APIactions - Initialize addAPI with the filetype : excelfile
2021-06-01 14:55:19.689 [main] DEBUG resources.APIactions - successfully constructed the url and provided the RequestSpecification back
2021-06-01 14:55:19.689 [main] INFO  resources.APIactions - Api source is : /maps/api/place/add/json
2021-06-01 14:55:20.203 [main] DEBUG resources.APIactions - Validation happen successfully with the status code 200 
2021-06-01 14:55:20.204 [main] INFO  resources.APIactions - Successfully added the placeAPI with the status code 200
2021-06-01 14:55:20.205 [main] INFO  resources.APIactions - Parsing the response : {"status":"OK","place_id":"9b4c8908d93ac7c44c91ceb793063ae8","scope":"APP","reference":"b908e46fbb0f73427be0c4f305a558a9b908e46fbb0f73427be0c4f305a558a9","id":"b908e46fbb0f73427be0c4f305a558a9"}
2021-06-01 14:55:20.227 [main] INFO  resources.APIactions - Key : value is  == status : OK
2021-06-01 14:55:20.236 [main] INFO  resources.APIactions - Initialize addAPI with the filetype : hashmap
2021-06-01 14:55:20.487 [main] DEBUG resources.APIactions - successfully constructed the url and provided the RequestSpecification back
2021-06-01 14:55:20.487 [main] INFO  resources.APIactions - Api source is : /maps/api/place/add/json
2021-06-01 14:55:20.995 [main] DEBUG resources.APIactions - Validation happen successfully with the status code 200 
2021-06-01 14:55:20.996 [main] INFO  resources.APIactions - Successfully added the placeAPI with the status code 200
2021-06-01 14:55:20.997 [main] INFO  resources.APIactions - Parsing the response : {"status":"OK","place_id":"b22ab2f5dafd7b6bc6439252f0badf0b","scope":"APP","reference":"1fe4e145f390a56318f6d2dd727e69ca1fe4e145f390a56318f6d2dd727e69ca","id":"1fe4e145f390a56318f6d2dd727e69ca"}
2021-06-01 14:55:21.015 [main] INFO  resources.APIactions - Key : value is  == status : OK
2021-06-01 14:55:21.029 [main] INFO  resources.APIactions - Initialize addAPI with the filetype : txtfile
2021-06-01 14:55:21.033 [main] DEBUG resources.APIactions - successfully constructed the url and provided the RequestSpecification back
2021-06-01 14:55:21.034 [main] INFO  resources.APIactions - Api source is : /maps/api/place/add/json
2021-06-01 14:55:21.519 [main] DEBUG resources.APIactions - Validation happen successfully with the status code 200 
2021-06-01 14:55:21.520 [main] INFO  resources.APIactions - Successfully added the placeAPI with the status code 200
2021-06-01 14:55:21.520 [main] INFO  resources.APIactions - Parsing the response : {"status":"OK","place_id":"8ad324c3ad38b7527d992aa601ce3bd2","scope":"APP","reference":"450272f92990ce2c960c013f73a6fbd0450272f92990ce2c960c013f73a6fbd0","id":"450272f92990ce2c960c013f73a6fbd0"}
2021-06-01 14:55:21.527 [main] INFO  resources.APIactions - Key : value is  == status : OK
2021-06-01 15:38:01.766 [main] [9383c37c-946a-4bf4-9bf6-55e52b78761a] APIactions INFO  resources.APIactions - Initialize addAPI with the filetype : javaclass
2021-06-01 15:38:01.771 [main] [9383c37c-946a-4bf4-9bf6-55e52b78761a] APIactions DEBUG resources.APIactions - Initialize to construct url and body is taking from the java class
2021-06-01 15:38:02.576 [main] [9383c37c-946a-4bf4-9bf6-55e52b78761a] APIactions DEBUG resources.APIactions - Log file created with the name 2021_06_01_15_38_02.txt
2021-06-01 15:38:02.583 [main] [9383c37c-946a-4bf4-9bf6-55e52b78761a] APIactions INFO  resources.APIactions - Fetching the url from the properties file, Url : https://rahulshettyacademy.com
2021-06-01 15:38:02.843 [main] [9383c37c-946a-4bf4-9bf6-55e52b78761a] APIactions DEBUG resources.APIactions - successfully constructed the url and provided the RequestSpecification back
2021-06-01 15:38:02.845 [main] [9383c37c-946a-4bf4-9bf6-55e52b78761a] APIactions INFO  resources.APIactions - Api source is : /maps/api/place/add/json
2021-06-01 15:38:06.058 [main] [9383c37c-946a-4bf4-9bf6-55e52b78761a] APIactions DEBUG resources.APIactions - Validation happen successfully with the status code 200 
2021-06-01 15:38:06.074 [main] [9383c37c-946a-4bf4-9bf6-55e52b78761a] APIactions INFO  resources.APIactions - Successfully added the placeAPI with the status code 200
2021-06-01 15:38:06.090 [main] [f83d3dbc-7a40-40b0-a5f4-4be8e23973d6] APIactions INFO  resources.APIactions - Parsing the response : {"status":"OK","place_id":"3bbb4cb0db0837f87085c608bbe2d700","scope":"APP","reference":"fd55358181f8d184caed12fdf57fc59cfd55358181f8d184caed12fdf57fc59c","id":"fd55358181f8d184caed12fdf57fc59c"}
2021-06-01 15:38:07.241 [main] [f83d3dbc-7a40-40b0-a5f4-4be8e23973d6] APIactions INFO  resources.APIactions - Key : value is  == status : OK
2021-06-01 15:38:07.271 [main] [f83d3dbc-7a40-40b0-a5f4-4be8e23973d6] APIactions INFO  resources.APIactions - Parsing the response : {"status":"OK","place_id":"3bbb4cb0db0837f87085c608bbe2d700","scope":"APP","reference":"fd55358181f8d184caed12fdf57fc59cfd55358181f8d184caed12fdf57fc59c","id":"fd55358181f8d184caed12fdf57fc59c"}
2021-06-01 15:38:07.301 [main] [f83d3dbc-7a40-40b0-a5f4-4be8e23973d6] APIactions INFO  resources.APIactions - Key : value is  == scope : APP
2021-06-01 15:38:07.327 [main] [b19d43af-a4bf-4c86-8d7f-e3f41c376527] APIactions INFO  resources.APIactions - Initialize addAPI with the filetype : nonfile
2021-06-01 15:38:07.328 [main] [b19d43af-a4bf-4c86-8d7f-e3f41c376527] APIactions INFO  resources.APIactions - Api source is : /maps/api/place/add/json
2021-06-01 15:38:07.876 [main] [b19d43af-a4bf-4c86-8d7f-e3f41c376527] APIactions DEBUG resources.APIactions - Validation happen successfully with the status code 200 
2021-06-01 15:38:07.877 [main] [b19d43af-a4bf-4c86-8d7f-e3f41c376527] APIactions INFO  resources.APIactions - Successfully added the placeAPI with the status code 200
2021-06-01 15:38:07.878 [main] [b19d43af-a4bf-4c86-8d7f-e3f41c376527] APIactions INFO  resources.APIactions - Parsing the response : {"status":"OK","place_id":"94efeec0adc716f04bdb9b94eda2361f","scope":"APP","reference":"eacf64d8ba522d902f826c92ea414ad1eacf64d8ba522d902f826c92ea414ad1","id":"eacf64d8ba522d902f826c92ea414ad1"}
2021-06-01 15:38:07.896 [main] [b19d43af-a4bf-4c86-8d7f-e3f41c376527] APIactions INFO  resources.APIactions - Key : value is  == place_id : 94efeec0adc716f04bdb9b94eda2361f
2021-06-01 15:38:07.912 [main] [b19d43af-a4bf-4c86-8d7f-e3f41c376527] APIactions INFO  resources.APIactions - Api source is : /maps/api/place/get/json
2021-06-01 15:38:10.034 [main] [b19d43af-a4bf-4c86-8d7f-e3f41c376527] APIactions DEBUG resources.APIactions - Validation happen successfully with the status code 200 
2021-06-01 15:38:10.035 [main] [b19d43af-a4bf-4c86-8d7f-e3f41c376527] APIactions INFO  resources.APIactions - Parsing the response : {"location":{"latitude":"-38.383494","longitude":"33.427362"},"accuracy":"50","name":"Using Java class to make the body","phone_number":"(+91) 983 893 3937","address":"29, side layout, cohen 09","types":"shoe park,shop","website":"http:\/\/google.com","language":"French-IN"}
