15:52:50.405 [main] INFO  resources.APIactions - addAPI with the filetype : txtfile , Api file name of the api is : addplace
15:52:51.025 [main] INFO  resources.APIactions - Successfully added the placeAPI with the status code 200
15:52:51.060 [main] INFO  apiTest.ValidateAddUpdateGetDeleteAPI - addPlaceUsingJsonFile is initialzed
15:52:51.061 [main] INFO  resources.APIactions - addAPI with the filetype : jsonfile , Api file name of the api is : addplace
15:52:51.674 [main] INFO  resources.APIactions - Successfully added the placeAPI with the status code 200
15:55:51.574 [main] INFO  resources.APIactions - addAPI with the filetype : txtfile , Api file name of the api is : addplace
15:55:53.907 [main] INFO  resources.APIactions - Successfully added the placeAPI with the status code 200
15:55:54.411 [main] INFO  resources.APIactions - addAPI with the filetype : javaclass , Api file name of the api is : null
15:55:54.950 [main] INFO  resources.APIactions - Successfully added the placeAPI with the status code 200
15:55:54.976 [main] INFO  resources.APIactions - addAPI with the filetype : nonfile , Api file name of the api is : null
15:55:55.529 [main] INFO  resources.APIactions - Successfully added the placeAPI with the status code 200
15:56:00.191 [main] INFO  apiTest.ValidateAddUpdateGetDeleteAPI - addPlaceUsingJsonFile is initialzed
15:56:00.191 [main] INFO  resources.APIactions - addAPI with the filetype : jsonfile , Api file name of the api is : addplace
15:56:02.097 [main] INFO  resources.APIactions - Successfully added the placeAPI with the status code 200
16:14:14.138 [main] INFO  resources.APIactions - addAPI with the filetype : javaclass , Api file name of the api is : null
16:14:16.858 [main] INFO  resources.APIactions - Successfully added the placeAPI with the status code 200
16:14:17.410 [main] INFO  resources.APIactions - addAPI with the filetype : nonfile , Api file name of the api is : null
16:14:18.005 [main] INFO  resources.APIactions - Successfully added the placeAPI with the status code 200
16:14:22.574 [main] INFO  apiTest.ValidateAddUpdateGetDeleteAPI - addPlaceUsingJsonFile is initialzed
16:14:22.574 [main] INFO  resources.APIactions - addAPI with the filetype : jsonfile , Api file name of the api is : addplace
16:14:23.173 [main] INFO  resources.APIactions - Successfully added the placeAPI with the status code 200
16:15:28.375 [main] INFO  resources.APIactions - addAPI with the filetype : javaclass , Api file name of the api is : null
16:15:30.743 [main] INFO  resources.APIactions - Successfully added the placeAPI with the status code 200
16:15:31.235 [main] INFO  resources.APIactions - addAPI with the filetype : nonfile , Api file name of the api is : null
16:15:31.905 [main] INFO  resources.APIactions - Successfully added the placeAPI with the status code 200
16:15:36.360 [main] INFO  apiTest.ValidateAddUpdateGetDeleteAPI - addPlaceUsingJsonFile is initialzed
16:15:36.360 [main] INFO  resources.APIactions - addAPI with the filetype : jsonfile , Api file name of the api is : addplace
16:15:36.951 [main] INFO  resources.APIactions - Successfully added the placeAPI with the status code 200
16:15:46.717 [main] INFO  resources.APIactions - addAPI with the filetype : txtfile , Api file name of the api is : addplace
16:15:47.292 [main] INFO  resources.APIactions - Successfully added the placeAPI with the status code 200
18:25:47.217 [main] INFO  resources.APIactions - addAPI with the filetype : hashmap , Api file name of the api is : null
18:25:50.375 [main] INFO  resources.APIactions - Successfully added the placeAPI with the status code 200
18:49:46.048 [main] INFO  resources.APIactions - addAPI with the filetype : excelfile , Api file name of the api is : null
18:49:46.916 [main] INFO  resources.APIactions - addAPI with the filetype : hashmap , Api file name of the api is : null
18:49:48.942 [main] INFO  resources.APIactions - Successfully added the placeAPI with the status code 200
18:50:35.987 [main] INFO  resources.APIactions - addAPI with the filetype : excelfile , Api file name of the api is : null
18:50:36.861 [main] INFO  resources.APIactions - addAPI with the filetype : hashmap , Api file name of the api is : null
18:50:38.637 [main] INFO  resources.APIactions - Successfully added the placeAPI with the status code 200
18:52:07.172 [main] INFO  resources.APIactions - addAPI with the filetype : excelfile , Api file name of the api is : null
18:52:11.079 [main] INFO  resources.APIactions - Successfully added the placeAPI with the status code 200
18:52:11.121 [main] INFO  resources.APIactions - addAPI with the filetype : hashmap , Api file name of the api is : null
18:52:11.992 [main] INFO  resources.APIactions - Successfully added the placeAPI with the status code 200
18:53:55.930 [main] INFO  resources.APIactions - addAPI with the filetype : excelfile , Api file name of the api is : null
18:53:58.841 [main] INFO  resources.APIactions - Successfully added the placeAPI with the status code 200
